0 info it worked if it ends with ok
1 verbose cli [ 'D:\\Program Files\\nodejs\\node.exe',
1 verbose cli   'D:\\Program Files\\nodejs\\node_modules\\npm\\bin\\npm-cli.js',
1 verbose cli   'run',
1 verbose cli   'dev' ]
2 info using npm@3.10.10
3 info using node@v6.10.3
4 verbose run-script [ 'predev', 'dev', 'postdev' ]
5 info lifecycle vueadmin@1.0.5~predev: vueadmin@1.0.5
6 silly lifecycle vueadmin@1.0.5~predev: no script for predev, continuing
7 info lifecycle vueadmin@1.0.5~dev: vueadmin@1.0.5
8 verbose lifecycle vueadmin@1.0.5~dev: unsafe-perm in lifecycle true
9 verbose lifecycle vueadmin@1.0.5~dev: PATH: D:\Program Files\nodejs\node_modules\npm\bin\node-gyp-bin;F:\vue-web\web-frontend\node_modules\.bin;C:\ProgramData\Oracle\Java\javapath;C:\Windows\system32;C:\Windows;C:\Windows\System32\Wbem;C:\Windows\System32\WindowsPowerShell\v1.0\;D:\Program Files\nodejs\;C:\Program Files\MySQL\MySQL Utilities 1.6\;D:\apache-maven-3.5.0\bin;C:\Program Files\Java\jdk1.8.0_131\bin;C:\Program Files\Java\jdk1.8.0_131\jre\bin;D:\gradle-4.0.1-all\gradle-4.0.1\bin;E:\development\nodejs\global;C:\Users\Administrator.VTFG2EFKH176IJU\AppData\Roaming\npm;C:\Users\Administrator.VTFG2EFKH176IJU\AppData\Local\GitHubDesktop\bin
10 verbose lifecycle vueadmin@1.0.5~dev: CWD: F:\vue-web\web-frontend
11 silly lifecycle vueadmin@1.0.5~dev: Args: [ '/d /s /c', 'node build/dev-server.js' ]
12 silly lifecycle vueadmin@1.0.5~dev: Returned: code: 3221225786  signal: null
13 info lifecycle vueadmin@1.0.5~dev: Failed to exec dev script
14 verbose stack Error: vueadmin@1.0.5 dev: `node build/dev-server.js`
14 verbose stack Exit status 3221225786
14 verbose stack     at EventEmitter.<anonymous> (D:\Program Files\nodejs\node_modules\npm\lib\utils\lifecycle.js:255:16)
14 verbose stack     at emitTwo (events.js:106:13)
14 verbose stack     at EventEmitter.emit (events.js:191:7)
14 verbose stack     at ChildProcess.<anonymous> (D:\Program Files\nodejs\node_modules\npm\lib\utils\spawn.js:40:14)
14 verbose stack     at emitTwo (events.js:106:13)
14 verbose stack     at ChildProcess.emit (events.js:191:7)
14 verbose stack     at maybeClose (internal/child_process.js:886:16)
14 verbose stack     at Process.ChildProcess._handle.onexit (internal/child_process.js:226:5)
15 verbose pkgid vueadmin@1.0.5
16 verbose cwd F:\vue-web\web-frontend
17 error Windows_NT 6.1.7601
18 error argv "D:\\Program Files\\nodejs\\node.exe" "D:\\Program Files\\nodejs\\node_modules\\npm\\bin\\npm-cli.js" "run" "dev"
19 error node v6.10.3
20 error npm  v3.10.10
21 error code ELIFECYCLE
22 error vueadmin@1.0.5 dev: `node build/dev-server.js`
22 error Exit status 3221225786
23 error Failed at the vueadmin@1.0.5 dev script 'node build/dev-server.js'.
23 error Make sure you have the latest version of node.js and npm installed.
23 error If you do, this is most likely a problem with the vueadmin package,
23 error not with npm itself.
23 error Tell the author that this fails on your system:
23 error     node build/dev-server.js
23 error You can get information on how to open an issue for this project with:
23 error     npm bugs vueadmin
23 error Or if that isn't available, you can get their info via:
23 error     npm owner ls vueadmin
23 error There is likely additional logging output above.
24 verbose exit [ 1, true ]
